stdio    D         file_stdio.c:110  file_stdio_fopen                 [   0.00000] opening C:\Users\henry\Documents\3700Programs\Allegro\bin\Debug\allegro5.cfg r
system   D            wsystem.c:788  _al_win_safe_load_library        [   0.00000] PathFindOnPath found: C:\WINDOWS\system32\shcore.dll
system   D            wsystem.c:699  load_library_at_path             [   0.00000] Calling LoadLibrary C:\WINDOWS\system32\shcore.dll
system   I            wsystem.c:702  load_library_at_path             [   0.00000] Loaded C:\WINDOWS\system32\shcore.dll
system   I             system.c:264  al_install_system                [   0.00000] Allegro version: 5.2.4
system   D            wsystem.c:788  _al_win_safe_load_library        [   0.00045] PathFindOnPath found: C:\WINDOWS\system32\d3d9.dll
system   D            wsystem.c:699  load_library_at_path             [   0.00047] Calling LoadLibrary C:\WINDOWS\system32\d3d9.dll
system   I            wsystem.c:702  load_library_at_path             [   0.00279] Loaded C:\WINDOWS\system32\d3d9.dll
d3d      I         d3d_disp.cpp:674  d3d_init_display                 [   0.01157] Render-to-texture: 1
d3d      I         d3d_disp.cpp:1768 d3d_create_display_locked        [   0.01324] faux_fullscreen=0
d3d      D         d3d_disp.cpp:1769 d3d_create_display_locked        [   0.01329] al_display=0000000002E88FF0
d3d      D         d3d_disp.cpp:1770 d3d_create_display_locked        [   0.01330] al_display->vt=0000000004B83A00
d3d      I d3d_display_formats.cpp:144  _al_d3d_generate_display_format_list [   0.01612] found 64 format combinations
display  D   display_settings.c:212  debug_display_settings           [   0.01616] color: 32 (rgba 8880), depth: 0, stencil: 0, acc: 0000, samples: 0/0
display  D   display_settings.c:248  _al_score_display_settings       [   0.01617] Vsync requirement not met.
display  D   display_settings.c:212  debug_display_settings           [   0.01618] color: 32 (rgba 8880), depth: 0, stencil: 0, acc: 0000, samples: 0/0
display  D   display_settings.c:248  _al_score_display_settings       [   0.01619] Vsync requirement not met.
display  D   display_settings.c:212  debug_display_settings           [   0.01619] color: 32 (rgba 8880), depth: 24, stencil: 8, acc: 0000, samples: 0/0
display  D   display_settings.c:248  _al_score_display_settings       [   0.01620] Vsync requirement not met.
display  D   display_settings.c:212  debug_display_settings           [   0.01621] color: 32 (rgba 8880), depth: 24, stencil: 8, acc: 0000, samples: 0/0
display  D   display_settings.c:248  _al_score_display_settings       [   0.01621] Vsync requirement not met.
display  D   display_settings.c:212  debug_display_settings           [   0.01622] color: 32 (rgba 8880), depth: 24, stencil: 0, acc: 0000, samples: 0/0
display  D   display_settings.c:248  _al_score_display_settings       [   0.01622] Vsync requirement not met.
display  D   display_settings.c:212  debug_display_settings           [   0.01623] color: 32 (rgba 8880), depth: 24, stencil: 0, acc: 0000, samples: 0/0
display  D   display_settings.c:248  _al_score_display_settings       [   0.01624] Vsync requirement not met.
display  D   display_settings.c:212  debug_display_settings           [   0.01624] color: 32 (rgba 8880), depth: 16, stencil: 0, acc: 0000, samples: 0/0
display  D   display_settings.c:248  _al_score_display_settings       [   0.01625] Vsync requirement not met.
display  D   display_settings.c:212  debug_display_settings           [   0.01626] color: 32 (rgba 8880), depth: 16, stencil: 0, acc: 0000, samples: 0/0
display  D   display_settings.c:248  _al_score_display_settings       [   0.01626] Vsync requirement not met.
display  D   display_settings.c:212  debug_display_settings           [   0.01627] color: 16 (rgba 5650), depth: 0, stencil: 0, acc: 0000, samples: 0/0
display  D   display_settings.c:248  _al_score_display_settings       [   0.01627] Vsync requirement not met.
display  D   display_settings.c:212  debug_display_settings           [   0.01628] color: 16 (rgba 5650), depth: 0, stencil: 0, acc: 0000, samples: 0/0
display  D   display_settings.c:248  _al_score_display_settings       [   0.01634] Vsync requirement not met.
display  D   display_settings.c:212  debug_display_settings           [   0.01635] color: 16 (rgba 5650), depth: 24, stencil: 8, acc: 0000, samples: 0/0
display  D   display_settings.c:248  _al_score_display_settings       [   0.01636] Vsync requirement not met.
display  D   display_settings.c:212  debug_display_settings           [   0.01636] color: 16 (rgba 5650), depth: 24, stencil: 8, acc: 0000, samples: 0/0
display  D   display_settings.c:248  _al_score_display_settings       [   0.01637] Vsync requirement not met.
display  D   display_settings.c:212  debug_display_settings           [   0.01638] color: 16 (rgba 5650), depth: 24, stencil: 0, acc: 0000, samples: 0/0
display  D   display_settings.c:248  _al_score_display_settings       [   0.01638] Vsync requirement not met.
display  D   display_settings.c:212  debug_display_settings           [   0.01639] color: 16 (rgba 5650), depth: 24, stencil: 0, acc: 0000, samples: 0/0
display  D   display_settings.c:248  _al_score_display_settings       [   0.01640] Vsync requirement not met.
display  D   display_settings.c:212  debug_display_settings           [   0.01640] color: 16 (rgba 5650), depth: 16, stencil: 0, acc: 0000, samples: 0/0
display  D   display_settings.c:248  _al_score_display_settings       [   0.01641] Vsync requirement not met.
display  D   display_settings.c:212  debug_display_settings           [   0.01642] color: 16 (rgba 5650), depth: 16, stencil: 0, acc: 0000, samples: 0/0
display  D   display_settings.c:248  _al_score_display_settings       [   0.01642] Vsync requirement not met.
display  D   display_settings.c:212  debug_display_settings           [   0.01643] color: 32 (rgba 8880), depth: 0, stencil: 0, acc: 0000, samples: 0/0
display  D   display_settings.c:248  _al_score_display_settings       [   0.01643] Vsync requirement not met.
display  D   display_settings.c:212  debug_display_settings           [   0.01644] color: 32 (rgba 8880), depth: 0, stencil: 0, acc: 0000, samples: 0/0
display  D   display_settings.c:248  _al_score_display_settings       [   0.01645] Vsync requirement not met.
display  D   display_settings.c:212  debug_display_settings           [   0.01645] color: 32 (rgba 8880), depth: 24, stencil: 8, acc: 0000, samples: 0/0
display  D   display_settings.c:248  _al_score_display_settings       [   0.01646] Vsync requirement not met.
display  D   display_settings.c:212  debug_display_settings           [   0.01647] color: 32 (rgba 8880), depth: 24, stencil: 8, acc: 0000, samples: 0/0
display  D   display_settings.c:248  _al_score_display_settings       [   0.01647] Vsync requirement not met.
display  D   display_settings.c:212  debug_display_settings           [   0.01648] color: 32 (rgba 8880), depth: 24, stencil: 0, acc: 0000, samples: 0/0
display  D   display_settings.c:248  _al_score_display_settings       [   0.01649] Vsync requirement not met.
display  D   display_settings.c:212  debug_display_settings           [   0.01649] color: 32 (rgba 8880), depth: 24, stencil: 0, acc: 0000, samples: 0/0
display  D   display_settings.c:248  _al_score_display_settings       [   0.01650] Vsync requirement not met.
display  D   display_settings.c:212  debug_display_settings           [   0.01650] color: 32 (rgba 8880), depth: 16, stencil: 0, acc: 0000, samples: 0/0
display  D   display_settings.c:248  _al_score_display_settings       [   0.01651] Vsync requirement not met.
display  D   display_settings.c:212  debug_display_settings           [   0.01652] color: 32 (rgba 8880), depth: 16, stencil: 0, acc: 0000, samples: 0/0
display  D   display_settings.c:248  _al_score_display_settings       [   0.01652] Vsync requirement not met.
display  D   display_settings.c:212  debug_display_settings           [   0.01653] color: 16 (rgba 5650), depth: 0, stencil: 0, acc: 0000, samples: 0/0
display  D   display_settings.c:248  _al_score_display_settings       [   0.01654] Vsync requirement not met.
display  D   display_settings.c:212  debug_display_settings           [   0.01654] color: 16 (rgba 5650), depth: 0, stencil: 0, acc: 0000, samples: 0/0
display  D   display_settings.c:248  _al_score_display_settings       [   0.01655] Vsync requirement not met.
display  D   display_settings.c:212  debug_display_settings           [   0.01656] color: 16 (rgba 5650), depth: 24, stencil: 8, acc: 0000, samples: 0/0
display  D   display_settings.c:248  _al_score_display_settings       [   0.01656] Vsync requirement not met.
display  D   display_settings.c:212  debug_display_settings           [   0.01657] color: 16 (rgba 5650), depth: 24, stencil: 8, acc: 0000, samples: 0/0
display  D   display_settings.c:248  _al_score_display_settings       [   0.01658] Vsync requirement not met.
display  D   display_settings.c:212  debug_display_settings           [   0.01658] color: 16 (rgba 5650), depth: 24, stencil: 0, acc: 0000, samples: 0/0
display  D   display_settings.c:248  _al_score_display_settings       [   0.01659] Vsync requirement not met.
display  D   display_settings.c:212  debug_display_settings           [   0.01659] color: 16 (rgba 5650), depth: 24, stencil: 0, acc: 0000, samples: 0/0
display  D   display_settings.c:248  _al_score_display_settings       [   0.01660] Vsync requirement not met.
display  D   display_settings.c:212  debug_display_settings           [   0.01661] color: 16 (rgba 5650), depth: 16, stencil: 0, acc: 0000, samples: 0/0
display  D   display_settings.c:248  _al_score_display_settings       [   0.01661] Vsync requirement not met.
display  D   display_settings.c:212  debug_display_settings           [   0.01662] color: 16 (rgba 5650), depth: 16, stencil: 0, acc: 0000, samples: 0/0
display  D   display_settings.c:248  _al_score_display_settings       [   0.01663] Vsync requirement not met.
display  D   display_settings.c:212  debug_display_settings           [   0.01663] color: 32 (rgba 8880), depth: 0, stencil: 0, acc: 0000, samples: 0/0
display  D   display_settings.c:527  _al_score_display_settings       [   0.01664] Score is : 897
display  D   display_settings.c:212  debug_display_settings           [   0.01665] color: 32 (rgba 8880), depth: 0, stencil: 0, acc: 0000, samples: 0/0
display  D   display_settings.c:527  _al_score_display_settings       [   0.01665] Score is : 897
display  D   display_settings.c:212  debug_display_settings           [   0.01666] color: 32 (rgba 8880), depth: 24, stencil: 8, acc: 0000, samples: 0/0
display  D   display_settings.c:527  _al_score_display_settings       [   0.01667] Score is : 897
display  D   display_settings.c:212  debug_display_settings           [   0.01667] color: 32 (rgba 8880), depth: 24, stencil: 8, acc: 0000, samples: 0/0
display  D   display_settings.c:527  _al_score_display_settings       [   0.01668] Score is : 897
display  D   display_settings.c:212  debug_display_settings           [   0.01669] color: 32 (rgba 8880), depth: 24, stencil: 0, acc: 0000, samples: 0/0
display  D   display_settings.c:527  _al_score_display_settings       [   0.01670] Score is : 897
display  D   display_settings.c:212  debug_display_settings           [   0.01671] color: 32 (rgba 8880), depth: 24, stencil: 0, acc: 0000, samples: 0/0
display  D   display_settings.c:527  _al_score_display_settings       [   0.01672] Score is : 897
display  D   display_settings.c:212  debug_display_settings           [   0.01673] color: 32 (rgba 8880), depth: 16, stencil: 0, acc: 0000, samples: 0/0
display  D   display_settings.c:527  _al_score_display_settings       [   0.01674] Score is : 897
display  D   display_settings.c:212  debug_display_settings           [   0.01675] color: 32 (rgba 8880), depth: 16, stencil: 0, acc: 0000, samples: 0/0
display  D   display_settings.c:527  _al_score_display_settings       [   0.01676] Score is : 897
display  D   display_settings.c:212  debug_display_settings           [   0.01677] color: 16 (rgba 5650), depth: 0, stencil: 0, acc: 0000, samples: 0/0
display  D   display_settings.c:527  _al_score_display_settings       [   0.01678] Score is : 897
display  D   display_settings.c:212  debug_display_settings           [   0.01679] color: 16 (rgba 5650), depth: 0, stencil: 0, acc: 0000, samples: 0/0
display  D   display_settings.c:527  _al_score_display_settings       [   0.01680] Score is : 897
display  D   display_settings.c:212  debug_display_settings           [   0.01681] color: 16 (rgba 5650), depth: 24, stencil: 8, acc: 0000, samples: 0/0
display  D   display_settings.c:527  _al_score_display_settings       [   0.01682] Score is : 897
display  D   display_settings.c:212  debug_display_settings           [   0.01683] color: 16 (rgba 5650), depth: 24, stencil: 8, acc: 0000, samples: 0/0
display  D   display_settings.c:527  _al_score_display_settings       [   0.01684] Score is : 897
display  D   display_settings.c:212  debug_display_settings           [   0.01685] color: 16 (rgba 5650), depth: 24, stencil: 0, acc: 0000, samples: 0/0
display  D   display_settings.c:527  _al_score_display_settings       [   0.01686] Score is : 897
display  D   display_settings.c:212  debug_display_settings           [   0.01687] color: 16 (rgba 5650), depth: 24, stencil: 0, acc: 0000, samples: 0/0
display  D   display_settings.c:527  _al_score_display_settings       [   0.01688] Score is : 897
display  D   display_settings.c:212  debug_display_settings           [   0.01689] color: 16 (rgba 5650), depth: 16, stencil: 0, acc: 0000, samples: 0/0
display  D   display_settings.c:527  _al_score_display_settings       [   0.01690] Score is : 897
display  D   display_settings.c:212  debug_display_settings           [   0.01691] color: 16 (rgba 5650), depth: 16, stencil: 0, acc: 0000, samples: 0/0
display  D   display_settings.c:527  _al_score_display_settings       [   0.01692] Score is : 897
display  D   display_settings.c:212  debug_display_settings           [   0.01693] color: 32 (rgba 8880), depth: 0, stencil: 0, acc: 0000, samples: 0/0
display  D   display_settings.c:398  _al_score_display_settings       [   0.01694] Single Buffer requirement not met.
display  D   display_settings.c:212  debug_display_settings           [   0.01695] color: 32 (rgba 8880), depth: 0, stencil: 0, acc: 0000, samples: 0/0
display  D   display_settings.c:398  _al_score_display_settings       [   0.01696] Single Buffer requirement not met.
display  D   display_settings.c:212  debug_display_settings           [   0.01697] color: 32 (rgba 8880), depth: 24, stencil: 8, acc: 0000, samples: 0/0
display  D   display_settings.c:398  _al_score_display_settings       [   0.01698] Single Buffer requirement not met.
display  D   display_settings.c:212  debug_display_settings           [   0.01699] color: 32 (rgba 8880), depth: 24, stencil: 8, acc: 0000, samples: 0/0
display  D   display_settings.c:398  _al_score_display_settings       [   0.01700] Single Buffer requirement not met.
display  D   display_settings.c:212  debug_display_settings           [   0.01701] color: 32 (rgba 8880), depth: 24, stencil: 0, acc: 0000, samples: 0/0
display  D   display_settings.c:398  _al_score_display_settings       [   0.01702] Single Buffer requirement not met.
display  D   display_settings.c:212  debug_display_settings           [   0.01703] color: 32 (rgba 8880), depth: 24, stencil: 0, acc: 0000, samples: 0/0
display  D   display_settings.c:398  _al_score_display_settings       [   0.01704] Single Buffer requirement not met.
display  D   display_settings.c:212  debug_display_settings           [   0.01705] color: 32 (rgba 8880), depth: 16, stencil: 0, acc: 0000, samples: 0/0
display  D   display_settings.c:398  _al_score_display_settings       [   0.01706] Single Buffer requirement not met.
display  D   display_settings.c:212  debug_display_settings           [   0.01707] color: 32 (rgba 8880), depth: 16, stencil: 0, acc: 0000, samples: 0/0
display  D   display_settings.c:398  _al_score_display_settings       [   0.01708] Single Buffer requirement not met.
display  D   display_settings.c:212  debug_display_settings           [   0.01709] color: 16 (rgba 5650), depth: 0, stencil: 0, acc: 0000, samples: 0/0
display  D   display_settings.c:398  _al_score_display_settings       [   0.01714] Single Buffer requirement not met.
display  D   display_settings.c:212  debug_display_settings           [   0.01715] color: 16 (rgba 5650), depth: 0, stencil: 0, acc: 0000, samples: 0/0
display  D   display_settings.c:398  _al_score_display_settings       [   0.01717] Single Buffer requirement not met.
display  D   display_settings.c:212  debug_display_settings           [   0.01717] color: 16 (rgba 5650), depth: 24, stencil: 8, acc: 0000, samples: 0/0
display  D   display_settings.c:398  _al_score_display_settings       [   0.01719] Single Buffer requirement not met.
display  D   display_settings.c:212  debug_display_settings           [   0.01720] color: 16 (rgba 5650), depth: 24, stencil: 8, acc: 0000, samples: 0/0
display  D   display_settings.c:398  _al_score_display_settings       [   0.01721] Single Buffer requirement not met.
display  D   display_settings.c:212  debug_display_settings           [   0.01721] color: 16 (rgba 5650), depth: 24, stencil: 0, acc: 0000, samples: 0/0
display  D   display_settings.c:398  _al_score_display_settings       [   0.01722] Single Buffer requirement not met.
display  D   display_settings.c:212  debug_display_settings           [   0.01723] color: 16 (rgba 5650), depth: 24, stencil: 0, acc: 0000, samples: 0/0
display  D   display_settings.c:398  _al_score_display_settings       [   0.01724] Single Buffer requirement not met.
display  D   display_settings.c:212  debug_display_settings           [   0.01725] color: 16 (rgba 5650), depth: 16, stencil: 0, acc: 0000, samples: 0/0
display  D   display_settings.c:398  _al_score_display_settings       [   0.01726] Single Buffer requirement not met.
display  D   display_settings.c:212  debug_display_settings           [   0.01727] color: 16 (rgba 5650), depth: 16, stencil: 0, acc: 0000, samples: 0/0
display  D   display_settings.c:398  _al_score_display_settings       [   0.01728] Single Buffer requirement not met.
d3d      D         d3d_disp.cpp:1668 d3d_create_display_internals     [   0.01730] Trying format 32.
d3d      I         d3d_disp.cpp:1344 d3d_display_thread_proc          [   0.01755] Chose a display format: 23
d3d      I         d3d_disp.cpp:1413 d3d_display_thread_proc          [   0.01758] Normal window.
d3d      I         d3d_disp.cpp:781  d3d_create_device                [   0.08527] Using no depth stencil buffer
d3d      D         d3d_disp.cpp:839  d3d_create_device                [   0.10632] BeginScene succeeded in create_device
d3d      D         d3d_disp.cpp:847  d3d_create_device                [   0.10639] Success
d3d      D         d3d_disp.cpp:1691 d3d_create_display_internals     [   0.10641] Resumed after wait.
d3d      I         d3d_disp.cpp:1724 d3d_create_display_internals     [   0.10644] Format 32 succeeded.
d3d      D         d3d_disp.cpp:1755 d3d_create_display_internals     [   0.10647] Returning d3d_display: 0000000002E88FF0
d3d      D         d3d_disp.cpp:1780 d3d_create_display_locked        [   0.10648] al_display=0000000002E88FF0
d3d      D         d3d_disp.cpp:1781 d3d_create_display_locked        [   0.10649] al_display->vt=0000000004B83A00
system   D            wsystem.c:788  _al_win_safe_load_library        [   0.10977] PathFindOnPath found: C:\WINDOWS\system32\d3dx9_43.dll
system   D            wsystem.c:699  load_library_at_path             [   0.10980] Calling LoadLibrary C:\WINDOWS\system32\d3dx9_43.dll
system   I            wsystem.c:702  load_library_at_path             [   0.11147] Loaded C:\WINDOWS\system32\d3dx9_43.dll
d3dx9    I        d3d_d3dx9.cpp:88   _imp_load_d3dx9_module_version   [   0.11154] Module "d3dx9_43.dll" loaded.
dtor     D               dtor.c:196  _al_register_destructor          [   0.11165] added dtor for timer 0000000004B8CAF0, func 0000000061AFE7A1
dtor     D               dtor.c:196  _al_register_destructor          [   0.11173] added dtor for queue 0000000004B8CBA0, func 0000000061AEBC0B
stdio    D         file_stdio.c:110  file_stdio_fopen                 [   0.11250] opening Images/background.bmp rb
d3d      D         d3d_disp.cpp:1188 real_choose_bitmap_format        [   0.11329] Fake format
d3d      D         d3d_disp.cpp:1188 real_choose_bitmap_format        [   0.11335] Fake format
d3d      D         d3d_disp.cpp:1188 real_choose_bitmap_format        [   0.11336] Fake format
d3d      D         d3d_disp.cpp:1188 real_choose_bitmap_format        [   0.11338] Fake format
d3d      D         d3d_disp.cpp:1188 real_choose_bitmap_format        [   0.11339] Fake format
d3d      D         d3d_disp.cpp:1188 real_choose_bitmap_format        [   0.11340] Fake format
d3d      D         d3d_disp.cpp:1188 real_choose_bitmap_format        [   0.11343] Fake format
d3d      D         d3d_disp.cpp:1188 real_choose_bitmap_format        [   0.11345] Fake format
d3d      D         d3d_disp.cpp:1188 real_choose_bitmap_format        [   0.11349] Fake format
d3d      D         d3d_disp.cpp:1196 real_choose_bitmap_format        [   0.11350] Alpha doesn't match
d3d      D         d3d_disp.cpp:1203 real_choose_bitmap_format        [   0.11352] Adapter format is 23
d3d      D         d3d_disp.cpp:1206 real_choose_bitmap_format        [   0.11354] Found a format
d3d      I         d3d_disp.cpp:2377 d3d_create_bitmap                [   0.11356] Chose bitmap format 9
dtor     D               dtor.c:196  _al_register_destructor          [   0.11430] added dtor for bitmap 0000000004B8E7E0, func 0000000061AC1BC7
stdio    D         file_stdio.c:110  file_stdio_fopen                 [   0.20249] opening Images/mariowalk1.png rb
d3d      D         d3d_disp.cpp:1188 real_choose_bitmap_format        [   0.20285] Fake format
d3d      D         d3d_disp.cpp:1188 real_choose_bitmap_format        [   0.20287] Fake format
d3d      D         d3d_disp.cpp:1188 real_choose_bitmap_format        [   0.20288] Fake format
d3d      D         d3d_disp.cpp:1188 real_choose_bitmap_format        [   0.20290] Fake format
d3d      D         d3d_disp.cpp:1188 real_choose_bitmap_format        [   0.20291] Fake format
d3d      D         d3d_disp.cpp:1188 real_choose_bitmap_format        [   0.20292] Fake format
d3d      D         d3d_disp.cpp:1188 real_choose_bitmap_format        [   0.20293] Fake format
d3d      D         d3d_disp.cpp:1188 real_choose_bitmap_format        [   0.20293] Fake format
d3d      D         d3d_disp.cpp:1188 real_choose_bitmap_format        [   0.20294] Fake format
d3d      D         d3d_disp.cpp:1196 real_choose_bitmap_format        [   0.20295] Alpha doesn't match
d3d      D         d3d_disp.cpp:1203 real_choose_bitmap_format        [   0.20296] Adapter format is 23
d3d      D         d3d_disp.cpp:1206 real_choose_bitmap_format        [   0.20297] Found a format
d3d      I         d3d_disp.cpp:2377 d3d_create_bitmap                [   0.20298] Chose bitmap format 9
dtor     D               dtor.c:196  _al_register_destructor          [   0.20341] added dtor for bitmap 0000000004B93040, func 0000000061AC1BC7
stdio    D         file_stdio.c:110  file_stdio_fopen                 [   0.22528] opening Images/mariowalk2.png rb
d3d      D         d3d_disp.cpp:1188 real_choose_bitmap_format        [   0.22592] Fake format
d3d      D         d3d_disp.cpp:1188 real_choose_bitmap_format        [   0.22600] Fake format
d3d      D         d3d_disp.cpp:1188 real_choose_bitmap_format        [   0.22602] Fake format
d3d      D         d3d_disp.cpp:1188 real_choose_bitmap_format        [   0.22603] Fake format
d3d      D         d3d_disp.cpp:1188 real_choose_bitmap_format        [   0.22604] Fake format
d3d      D         d3d_disp.cpp:1188 real_choose_bitmap_format        [   0.22605] Fake format
d3d      D         d3d_disp.cpp:1188 real_choose_bitmap_format        [   0.22607] Fake format
d3d      D         d3d_disp.cpp:1188 real_choose_bitmap_format        [   0.22609] Fake format
d3d      D         d3d_disp.cpp:1188 real_choose_bitmap_format        [   0.22611] Fake format
d3d      D         d3d_disp.cpp:1196 real_choose_bitmap_format        [   0.22612] Alpha doesn't match
d3d      D         d3d_disp.cpp:1203 real_choose_bitmap_format        [   0.22618] Adapter format is 23
d3d      D         d3d_disp.cpp:1206 real_choose_bitmap_format        [   0.22621] Found a format
d3d      I         d3d_disp.cpp:2377 d3d_create_bitmap                [   0.22623] Chose bitmap format 9
dtor     D               dtor.c:196  _al_register_destructor          [   0.22710] added dtor for bitmap 0000000004B92850, func 0000000061AC1BC7
stdio    D         file_stdio.c:110  file_stdio_fopen                 [   0.23752] opening Images/mariowalk3.png rb
d3d      D         d3d_disp.cpp:1188 real_choose_bitmap_format        [   0.23767] Fake format
d3d      D         d3d_disp.cpp:1188 real_choose_bitmap_format        [   0.23768] Fake format
d3d      D         d3d_disp.cpp:1188 real_choose_bitmap_format        [   0.23769] Fake format
d3d      D         d3d_disp.cpp:1188 real_choose_bitmap_format        [   0.23769] Fake format
d3d      D         d3d_disp.cpp:1188 real_choose_bitmap_format        [   0.23770] Fake format
d3d      D         d3d_disp.cpp:1188 real_choose_bitmap_format        [   0.23770] Fake format
d3d      D         d3d_disp.cpp:1188 real_choose_bitmap_format        [   0.23771] Fake format
d3d      D         d3d_disp.cpp:1188 real_choose_bitmap_format        [   0.23771] Fake format
d3d      D         d3d_disp.cpp:1188 real_choose_bitmap_format        [   0.23771] Fake format
d3d      D         d3d_disp.cpp:1196 real_choose_bitmap_format        [   0.23772] Alpha doesn't match
d3d      D         d3d_disp.cpp:1203 real_choose_bitmap_format        [   0.23772] Adapter format is 23
d3d      D         d3d_disp.cpp:1206 real_choose_bitmap_format        [   0.23773] Found a format
d3d      I         d3d_disp.cpp:2377 d3d_create_bitmap                [   0.23773] Chose bitmap format 9
dtor     D               dtor.c:196  _al_register_destructor          [   0.23801] added dtor for bitmap 0000000004B93300, func 0000000061AC1BC7
d3d      D          d3d_bmp.cpp:539  _al_d3d_sync_bitmap              [   0.25389] _al_d3d_sync_bitmap (system) ref count == 1
d3d      D          d3d_bmp.cpp:545  _al_d3d_sync_bitmap              [   0.25397] _al_d3d_sync_bitmap (video) ref count == 1
d3d      D          d3d_bmp.cpp:539  _al_d3d_sync_bitmap              [   0.28573] _al_d3d_sync_bitmap (system) ref count == 1
d3d      D          d3d_bmp.cpp:545  _al_d3d_sync_bitmap              [   0.28578] _al_d3d_sync_bitmap (video) ref count == 1
d3d      D          d3d_bmp.cpp:539  _al_d3d_sync_bitmap              [   0.28702] _al_d3d_sync_bitmap (system) ref count == 1
d3d      D          d3d_bmp.cpp:545  _al_d3d_sync_bitmap              [   0.28706] _al_d3d_sync_bitmap (video) ref count == 1
d3d      D          d3d_bmp.cpp:539  _al_d3d_sync_bitmap              [   0.28813] _al_d3d_sync_bitmap (system) ref count == 1
d3d      D          d3d_bmp.cpp:545  _al_d3d_sync_bitmap              [   0.28818] _al_d3d_sync_bitmap (video) ref count == 1
dtor     D               dtor.c:227  _al_unregister_destructor        [   2.82564] removed dtor for timer 0000000004B8CAF0
d3d      I         d3d_disp.cpp:901  d3d_destroy_display              [   2.82570] destroying display 0000000002E88FF0 (current 0000000000000000)
bitmap   D        bitmap_type.c:308  _al_convert_to_memory_bitmap     [   2.82783] converting display bitmap 0000000004B93300 to memory bitmap
dtor     D               dtor.c:196  _al_register_destructor          [   2.82801] added dtor for bitmap 0000000004B926B0, func 0000000061AC1BC7
d3d      D          d3d_bmp.cpp:539  _al_d3d_sync_bitmap              [   2.82806] _al_d3d_sync_bitmap (system) ref count == 1
d3d      D          d3d_bmp.cpp:545  _al_d3d_sync_bitmap              [   2.82807] _al_d3d_sync_bitmap (video) ref count == 1
dtor     D               dtor.c:227  _al_unregister_destructor        [   2.83016] removed dtor for bitmap 0000000004B926B0
bitmap   D        bitmap_type.c:308  _al_convert_to_memory_bitmap     [   2.83043] converting display bitmap 0000000004B92850 to memory bitmap
dtor     D               dtor.c:196  _al_register_destructor          [   2.83047] added dtor for bitmap 0000000004B926B0, func 0000000061AC1BC7
d3d      D          d3d_bmp.cpp:539  _al_d3d_sync_bitmap              [   2.83050] _al_d3d_sync_bitmap (system) ref count == 1
d3d      D          d3d_bmp.cpp:545  _al_d3d_sync_bitmap              [   2.83051] _al_d3d_sync_bitmap (video) ref count == 1
dtor     D               dtor.c:227  _al_unregister_destructor        [   2.83165] removed dtor for bitmap 0000000004B926B0
bitmap   D        bitmap_type.c:308  _al_convert_to_memory_bitmap     [   2.83182] converting display bitmap 0000000004B93040 to memory bitmap
dtor     D               dtor.c:196  _al_register_destructor          [   2.83185] added dtor for bitmap 0000000004B926B0, func 0000000061AC1BC7
d3d      D          d3d_bmp.cpp:539  _al_d3d_sync_bitmap              [   2.83187] _al_d3d_sync_bitmap (system) ref count == 1
d3d      D          d3d_bmp.cpp:545  _al_d3d_sync_bitmap              [   2.83188] _al_d3d_sync_bitmap (video) ref count == 1
dtor     D               dtor.c:227  _al_unregister_destructor        [   2.83280] removed dtor for bitmap 0000000004B926B0
bitmap   D        bitmap_type.c:308  _al_convert_to_memory_bitmap     [   2.83295] converting display bitmap 0000000004B8E7E0 to memory bitmap
dtor     D               dtor.c:196  _al_register_destructor          [   2.83302] added dtor for bitmap 0000000004B926B0, func 0000000061AC1BC7
d3d      D          d3d_bmp.cpp:539  _al_d3d_sync_bitmap              [   2.83304] _al_d3d_sync_bitmap (system) ref count == 1
d3d      D          d3d_bmp.cpp:545  _al_d3d_sync_bitmap              [   2.83305] _al_d3d_sync_bitmap (video) ref count == 1
dtor     D               dtor.c:227  _al_unregister_destructor        [   2.85306] removed dtor for bitmap 0000000004B926B0
d3d      D         d3d_disp.cpp:885  d3d_destroy_display_internals    [   2.85686] waiting for display 0000000002E88FF0's thread to end
d3d      W         d3d_disp.cpp:595  d3d_destroy_device               [   2.86998] d3d_destroy_device: ref count not 0
d3d      I         d3d_disp.cpp:1548 d3d_display_thread_proc          [   2.88817] d3d display thread exits
dtor     D               dtor.c:227  _al_unregister_destructor        [   2.88851] removed dtor for queue 0000000004B8CBA0
dtor     D               dtor.c:116  _al_run_destructors              [   2.88855] calling dtor for bitmap 0000000004B93300, func 0000000061AC1BC7
dtor     D               dtor.c:227  _al_unregister_destructor        [   2.88857] removed dtor for bitmap 0000000004B93300
dtor     D               dtor.c:116  _al_run_destructors              [   2.88882] calling dtor for bitmap 0000000004B92850, func 0000000061AC1BC7
dtor     D               dtor.c:227  _al_unregister_destructor        [   2.88884] removed dtor for bitmap 0000000004B92850
dtor     D               dtor.c:116  _al_run_destructors              [   2.88895] calling dtor for bitmap 0000000004B93040, func 0000000061AC1BC7
dtor     D               dtor.c:227  _al_unregister_destructor        [   2.88897] removed dtor for bitmap 0000000004B93040
dtor     D               dtor.c:116  _al_run_destructors              [   2.88898] calling dtor for bitmap 0000000004B8E7E0, func 0000000061AC1BC7
dtor     D               dtor.c:227  _al_unregister_destructor        [   2.88899] removed dtor for bitmap 0000000004B8E7E0
